----------------------------------------Git Status at Monday 23 December 2024 04:20:47 PM IST---------------------------------------
On branch main
Your branch is based on 'origin/main', but the upstream is gone.
  (use "git branch --unset-upstream" to fixup)

Untracked files:
  (use "git add <file>..." to include in what will be committed)
	push.log
	status.log

nothing added to commit but untracked files present (use "git add" to track)
----------------------------------------Git Status at Monday 23 December 2024 04:21:58 PM IST---------------------------------------
On branch main
Your branch is based on 'origin/main', but the upstream is gone.
  (use "git branch --unset-upstream" to fixup)

Changes not staged for commit:
  (use "git add <file>..." to update what will be committed)
  (use "git restore <file>..." to discard changes in working directory)
	modified:   push.log
	modified:   status.log

no changes added to commit (use "git add" and/or "git commit -a")
----------------------------------------Git Status at Monday 23 December 2024 04:25:24 PM IST---------------------------------------
On branch main
Your branch is based on 'origin/main', but the upstream is gone.
  (use "git branch --unset-upstream" to fixup)

Changes not staged for commit:
  (use "git add <file>..." to update what will be committed)
  (use "git restore <file>..." to discard changes in working directory)
	modified:   push.log
	modified:   status.log

no changes added to commit (use "git add" and/or "git commit -a")
